<?xml version="1.0" encoding="UTF-8"?>
<!-- Generated by org.testng.reporters.JUnitReportReporter -->
<testsuite hostname="DESKTOP-9PA8N0S" failures="0" tests="6" name="Runner_files.Signup_positive_scenario_runner" time="71.867" errors="0" timestamp="2021-05-05T07:14:06 IST" skipped="0">
  <testcase classname="Runner_files.Signup_positive_scenario_runner" name="runScenario" time="11.052"/>
  <system-out/>
  <testcase classname="Runner_files.Signup_positive_scenario_runner" name="runScenario" time="15.687"/>
  <system-out/>
  <testcase classname="Runner_files.Signup_positive_scenario_runner" name="runScenario" time="10.336"/>
  <system-out/>
  <testcase classname="Runner_files.Signup_positive_scenario_runner" name="runScenario" time="5.251"/>
  <system-out/>
  <testcase classname="Runner_files.Signup_positive_scenario_runner" name="runScenario" time="20.152"/>
  <system-out/>
  <testcase classname="Runner_files.Signup_positive_scenario_runner" name="runScenario" time="9.389"/>
  <system-out/>
</testsuite> <!-- Runner_files.Signup_positive_scenario_runner -->
