<?xml version="1.0" encoding="UTF-8"?>
<!-- Generated by org.testng.reporters.JUnitReportReporter -->
<testsuite hostname="DESKTOP-9PA8N0S" failures="0" tests="3" name="Runner_files.Landing_positive_scenario_runner" time="27.880" errors="0" timestamp="2021-05-04T17:40:43 IST" skipped="0">
  <testcase classname="Runner_files.Landing_positive_scenario_runner" name="runScenario" time="17.339"/>
  <system-out/>
  <testcase classname="Runner_files.Landing_positive_scenario_runner" name="runScenario" time="7.483"/>
  <system-out/>
  <testcase classname="Runner_files.Landing_positive_scenario_runner" name="runScenario" time="3.058"/>
  <system-out/>
</testsuite> <!-- Runner_files.Landing_positive_scenario_runner -->
