<?xml version="1.0" encoding="UTF-8"?>
<!-- Generated by org.testng.reporters.JUnitReportReporter -->
<testsuite hostname="DESKTOP-9PA8N0S" failures="0" tests="3" name="Runner_files.Forgot_positive_scenario_runner" time="47.549" errors="0" timestamp="2021-05-05T07:12:23 IST" skipped="0">
  <testcase classname="Runner_files.Forgot_positive_scenario_runner" name="runScenario" time="3.251"/>
  <system-out/>
  <testcase classname="Runner_files.Forgot_positive_scenario_runner" name="runScenario" time="26.094"/>
  <system-out/>
  <testcase classname="Runner_files.Forgot_positive_scenario_runner" name="runScenario" time="18.204"/>
  <system-out/>
</testsuite> <!-- Runner_files.Forgot_positive_scenario_runner -->
