<?xml version="1.0" encoding="UTF-8"?>
<!-- Generated by org.testng.reporters.JUnitReportReporter -->
<testsuite hostname="DESKTOP-9PA8N0S" failures="0" tests="10" name="Runner_files.Signup_negative_scenario_runner" time="102.722" errors="0" timestamp="2021-05-04T23:42:51 IST" skipped="0">
  <testcase classname="Runner_files.Signup_negative_scenario_runner" name="runScenario" time="9.910"/>
  <system-out/>
  <testcase classname="Runner_files.Signup_negative_scenario_runner" name="runScenario" time="5.968"/>
  <system-out/>
  <testcase classname="Runner_files.Signup_negative_scenario_runner" name="runScenario" time="5.977"/>
  <system-out/>
  <testcase classname="Runner_files.Signup_negative_scenario_runner" name="runScenario" time="7.910"/>
  <system-out/>
  <testcase classname="Runner_files.Signup_negative_scenario_runner" name="runScenario" time="6.454"/>
  <system-out/>
  <testcase classname="Runner_files.Signup_negative_scenario_runner" name="runScenario" time="5.110"/>
  <system-out/>
  <testcase classname="Runner_files.Signup_negative_scenario_runner" name="runScenario" time="7.226"/>
  <system-out/>
  <testcase classname="Runner_files.Signup_negative_scenario_runner" name="runScenario" time="27.984"/>
  <system-out/>
  <testcase classname="Runner_files.Signup_negative_scenario_runner" name="runScenario" time="7.231"/>
  <system-out/>
  <testcase classname="Runner_files.Signup_negative_scenario_runner" name="runScenario" time="18.952"/>
  <system-out/>
</testsuite> <!-- Runner_files.Signup_negative_scenario_runner -->
