<?xml version="1.0" encoding="UTF-8"?>
<!-- Generated by org.testng.reporters.JUnitReportReporter -->
<testsuite hostname="DESKTOP-9PA8N0S" failures="0" tests="6" name="Runner_files.Login_positive_scenario_runner" time="44.359" errors="0" timestamp="2021-05-05T11:38:37 IST" skipped="0">
  <testcase classname="Runner_files.Login_positive_scenario_runner" name="runScenario" time="3.322"/>
  <system-out/>
  <testcase classname="Runner_files.Login_positive_scenario_runner" name="runScenario" time="4.213"/>
  <system-out/>
  <testcase classname="Runner_files.Login_positive_scenario_runner" name="runScenario" time="1.667"/>
  <system-out/>
  <testcase classname="Runner_files.Login_positive_scenario_runner" name="runScenario" time="1.899"/>
  <system-out/>
  <testcase classname="Runner_files.Login_positive_scenario_runner" name="runScenario" time="15.070"/>
  <system-out/>
  <testcase classname="Runner_files.Login_positive_scenario_runner" name="runScenario" time="18.188"/>
  <system-out/>
</testsuite> <!-- Runner_files.Login_positive_scenario_runner -->
