<?xml version="1.0" encoding="UTF-8"?>
<!-- Generated by org.testng.reporters.JUnitReportReporter -->
<testsuite hostname="DESKTOP-9PA8N0S" failures="0" tests="5" name="Runner_files.Forgot_negative_scenario_runner" time="83.037" errors="0" timestamp="2021-05-05T00:35:34 IST" skipped="0">
  <testcase classname="Runner_files.Forgot_negative_scenario_runner" name="runScenario" time="11.311"/>
  <system-out/>
  <testcase classname="Runner_files.Forgot_negative_scenario_runner" name="runScenario" time="9.644"/>
  <system-out/>
  <testcase classname="Runner_files.Forgot_negative_scenario_runner" name="runScenario" time="16.085"/>
  <system-out/>
  <testcase classname="Runner_files.Forgot_negative_scenario_runner" name="runScenario" time="38.270"/>
  <system-out/>
  <testcase classname="Runner_files.Forgot_negative_scenario_runner" name="runScenario" time="7.727"/>
  <system-out/>
</testsuite> <!-- Runner_files.Forgot_negative_scenario_runner -->
