<?xml version="1.0" encoding="UTF-8"?>
<!-- Generated by org.testng.reporters.JUnitReportReporter -->
<testsuite hostname="DESKTOP-9PA8N0S" failures="0" tests="7" name="Runner_files.Login_negative_scenario_runner" time="100.881" errors="0" timestamp="2021-05-05T00:56:59 IST" skipped="0">
  <testcase classname="Runner_files.Login_negative_scenario_runner" name="runScenario" time="8.839"/>
  <system-out/>
  <testcase classname="Runner_files.Login_negative_scenario_runner" name="runScenario" time="46.596"/>
  <system-out/>
  <testcase classname="Runner_files.Login_negative_scenario_runner" name="runScenario" time="6.657"/>
  <system-out/>
  <testcase classname="Runner_files.Login_negative_scenario_runner" name="runScenario" time="14.079"/>
  <system-out/>
  <testcase classname="Runner_files.Login_negative_scenario_runner" name="runScenario" time="7.069"/>
  <system-out/>
  <testcase classname="Runner_files.Login_negative_scenario_runner" name="runScenario" time="5.630"/>
  <system-out/>
  <testcase classname="Runner_files.Login_negative_scenario_runner" name="runScenario" time="12.011"/>
  <system-out/>
</testsuite> <!-- Runner_files.Login_negative_scenario_runner -->
