<?xml version="1.0" encoding="UTF-8"?>
<!-- Generated by org.testng.reporters.JUnitReportReporter -->
<testsuite hostname="DESKTOP-9PA8N0S" failures="0" tests="6" name="Runner_files.Signup_positive_scenario_runner" time="88.585" errors="0" timestamp="2021-05-05T11:52:09 IST" skipped="0">
  <testcase classname="Runner_files.Signup_positive_scenario_runner" name="runScenario" time="13.224"/>
  <system-out/>
  <testcase classname="Runner_files.Signup_positive_scenario_runner" name="runScenario" time="6.112"/>
  <system-out/>
  <testcase classname="Runner_files.Signup_positive_scenario_runner" name="runScenario" time="22.478"/>
  <system-out/>
  <testcase classname="Runner_files.Signup_positive_scenario_runner" name="runScenario" time="31.867"/>
  <system-out/>
  <testcase classname="Runner_files.Signup_positive_scenario_runner" name="runScenario" time="9.297"/>
  <system-out/>
  <testcase classname="Runner_files.Signup_positive_scenario_runner" name="runScenario" time="5.607"/>
  <system-out/>
</testsuite> <!-- Runner_files.Signup_positive_scenario_runner -->
