<?xml version="1.0" encoding="UTF-8"?>
<!-- Generated by org.testng.reporters.JUnitReportReporter -->
<testsuite hostname="DESKTOP-9PA8N0S" failures="0" tests="3" name="Runner_files.Forgot_positive_scenario_runner" time="27.719" errors="0" timestamp="2021-05-05T11:52:09 IST" skipped="0">
  <testcase classname="Runner_files.Forgot_positive_scenario_runner" name="runScenario" time="19.882"/>
  <system-out/>
  <testcase classname="Runner_files.Forgot_positive_scenario_runner" name="runScenario" time="2.971"/>
  <system-out/>
  <testcase classname="Runner_files.Forgot_positive_scenario_runner" name="runScenario" time="4.866"/>
  <system-out/>
</testsuite> <!-- Runner_files.Forgot_positive_scenario_runner -->
