<?xml version="1.0" encoding="UTF-8"?>
<!-- Generated by org.testng.reporters.JUnitReportReporter -->
<testsuite hostname="DESKTOP-9PA8N0S" failures="0" tests="7" name="Runner_files.Login_negative_scenario_runner" time="98.475" errors="0" timestamp="2021-05-05T11:52:09 IST" skipped="0">
  <testcase classname="Runner_files.Login_negative_scenario_runner" name="runScenario" time="6.457"/>
  <system-out/>
  <testcase classname="Runner_files.Login_negative_scenario_runner" name="runScenario" time="13.035"/>
  <system-out/>
  <testcase classname="Runner_files.Login_negative_scenario_runner" name="runScenario" time="8.569"/>
  <system-out/>
  <testcase classname="Runner_files.Login_negative_scenario_runner" name="runScenario" time="8.674"/>
  <system-out/>
  <testcase classname="Runner_files.Login_negative_scenario_runner" name="runScenario" time="44.516"/>
  <system-out/>
  <testcase classname="Runner_files.Login_negative_scenario_runner" name="runScenario" time="9.052"/>
  <system-out/>
  <testcase classname="Runner_files.Login_negative_scenario_runner" name="runScenario" time="8.172"/>
  <system-out/>
</testsuite> <!-- Runner_files.Login_negative_scenario_runner -->
