<?xml version="1.0" encoding="UTF-8"?>
<!-- Generated by org.testng.reporters.JUnitReportReporter -->
<testsuite hostname="DESKTOP-9PA8N0S" failures="0" tests="3" name="Runner_files.Landing_positive_scenario_runner" time="22.051" errors="0" timestamp="2021-05-05T11:52:09 IST" skipped="0">
  <testcase classname="Runner_files.Landing_positive_scenario_runner" name="runScenario" time="13.716"/>
  <system-out/>
  <testcase classname="Runner_files.Landing_positive_scenario_runner" name="runScenario" time="3.040"/>
  <system-out/>
  <testcase classname="Runner_files.Landing_positive_scenario_runner" name="runScenario" time="5.295"/>
  <system-out/>
</testsuite> <!-- Runner_files.Landing_positive_scenario_runner -->
