<?xml version="1.0" encoding="UTF-8"?>
<!-- Generated by org.testng.reporters.JUnitReportReporter -->
<testsuite hostname="DESKTOP-9PA8N0S" failures="0" tests="5" name="Runner_files.Forgot_negative_scenario_runner" time="99.124" errors="0" timestamp="2021-05-05T11:52:09 IST" skipped="0">
  <testcase classname="Runner_files.Forgot_negative_scenario_runner" name="runScenario" time="13.237"/>
  <system-out/>
  <testcase classname="Runner_files.Forgot_negative_scenario_runner" name="runScenario" time="23.064"/>
  <system-out/>
  <testcase classname="Runner_files.Forgot_negative_scenario_runner" name="runScenario" time="28.847"/>
  <system-out/>
  <testcase classname="Runner_files.Forgot_negative_scenario_runner" name="runScenario" time="11.737"/>
  <system-out/>
  <testcase classname="Runner_files.Forgot_negative_scenario_runner" name="runScenario" time="22.239"/>
  <system-out/>
</testsuite> <!-- Runner_files.Forgot_negative_scenario_runner -->
