<?xml version="1.0" encoding="UTF-8"?>
<!-- Generated by org.testng.reporters.JUnitReportReporter -->
<testsuite hostname="DESKTOP-9PA8N0S" failures="0" tests="10" name="Runner_files.Signup_negative_scenario_runner" time="118.744" errors="0" timestamp="2021-05-05T11:52:09 IST" skipped="0">
  <testcase classname="Runner_files.Signup_negative_scenario_runner" name="runScenario" time="27.402"/>
  <system-out/>
  <testcase classname="Runner_files.Signup_negative_scenario_runner" name="runScenario" time="5.215"/>
  <system-out/>
  <testcase classname="Runner_files.Signup_negative_scenario_runner" name="runScenario" time="8.439"/>
  <system-out/>
  <testcase classname="Runner_files.Signup_negative_scenario_runner" name="runScenario" time="2.659"/>
  <system-out/>
  <testcase classname="Runner_files.Signup_negative_scenario_runner" name="runScenario" time="8.335"/>
  <system-out/>
  <testcase classname="Runner_files.Signup_negative_scenario_runner" name="runScenario" time="8.842"/>
  <system-out/>
  <testcase classname="Runner_files.Signup_negative_scenario_runner" name="runScenario" time="19.060"/>
  <system-out/>
  <testcase classname="Runner_files.Signup_negative_scenario_runner" name="runScenario" time="9.931"/>
  <system-out/>
  <testcase classname="Runner_files.Signup_negative_scenario_runner" name="runScenario" time="20.879"/>
  <system-out/>
  <testcase classname="Runner_files.Signup_negative_scenario_runner" name="runScenario" time="7.982"/>
  <system-out/>
</testsuite> <!-- Runner_files.Signup_negative_scenario_runner -->
